mode: set
github.com/surajit/database/customer-api/api.go:23.13,26.16 3 0
github.com/surajit/database/customer-api/api.go:30.2,32.34 2 0
github.com/surajit/database/customer-api/api.go:37.2,38.46 2 0
github.com/surajit/database/customer-api/api.go:26.16,28.3 1 0
github.com/surajit/database/customer-api/api.go:32.34,35.3 1 0
github.com/surajit/database/customer-api/api.go:41.54,42.18 1 1
github.com/surajit/database/customer-api/api.go:43.22,44.12 1 1
github.com/surajit/database/customer-api/api.go:45.23,46.13 1 1
github.com/surajit/database/customer-api/api.go:47.25,48.19 1 1
github.com/surajit/database/customer-api/api.go:49.22,50.19 1 1
github.com/surajit/database/customer-api/api.go:51.10,53.9 2 0
github.com/surajit/database/customer-api/api.go:57.57,62.16 3 1
github.com/surajit/database/customer-api/api.go:65.2,65.30 1 1
github.com/surajit/database/customer-api/api.go:62.16,64.3 1 0
github.com/surajit/database/customer-api/api.go:69.51,73.16 3 1
github.com/surajit/database/customer-api/api.go:79.2,80.16 2 1
github.com/surajit/database/customer-api/api.go:86.2,87.16 2 1
github.com/surajit/database/customer-api/api.go:92.2,93.35 2 1
github.com/surajit/database/customer-api/api.go:73.16,77.3 2 0
github.com/surajit/database/customer-api/api.go:80.16,84.3 2 0
github.com/surajit/database/customer-api/api.go:87.16,91.3 2 0
github.com/surajit/database/customer-api/api.go:97.50,99.16 2 1
github.com/surajit/database/customer-api/api.go:105.2,105.15 1 1
github.com/surajit/database/customer-api/api.go:112.2,116.18 3 1
github.com/surajit/database/customer-api/api.go:130.2,131.17 2 1
github.com/surajit/database/customer-api/api.go:146.2,147.16 2 0
github.com/surajit/database/customer-api/api.go:152.2,153.16 2 0
github.com/surajit/database/customer-api/api.go:99.16,103.3 2 0
github.com/surajit/database/customer-api/api.go:105.15,107.17 2 1
github.com/surajit/database/customer-api/api.go:107.17,109.4 1 0
github.com/surajit/database/customer-api/api.go:116.18,120.17 3 1
github.com/surajit/database/customer-api/api.go:126.3,126.42 1 1
github.com/surajit/database/customer-api/api.go:120.17,124.4 2 0
github.com/surajit/database/customer-api/api.go:131.17,132.31 1 1
github.com/surajit/database/customer-api/api.go:140.3,142.9 2 0
github.com/surajit/database/customer-api/api.go:132.31,133.35 1 1
github.com/surajit/database/customer-api/api.go:133.35,138.5 3 1
github.com/surajit/database/customer-api/api.go:147.16,151.3 2 0
github.com/surajit/database/customer-api/api.go:153.16,155.3 1 0
github.com/surajit/database/customer-api/api.go:158.57,162.16 3 1
github.com/surajit/database/customer-api/api.go:168.2,169.16 2 1
github.com/surajit/database/customer-api/api.go:175.2,177.16 3 1
github.com/surajit/database/customer-api/api.go:182.2,182.35 1 1
github.com/surajit/database/customer-api/api.go:162.16,166.3 2 0
github.com/surajit/database/customer-api/api.go:169.16,173.3 2 0
github.com/surajit/database/customer-api/api.go:177.16,181.3 2 1
